<?xml version="1.0" encoding="UTF-8"?>
<!-- Generated by org.testng.reporters.JUnitXMLReporter -->
<testsuite ignored="0" hostname="Confiz-4844" failures="0" tests="3" name="Default test" time="7.139" errors="0" timestamp="21 Apr 2021 11:51:24 GMT">
  <testcase classname="MicroAccountingAutomation.Test.LoginTestCases" name="successfullUserLogin" time="0.294"/>
  <testcase classname="MicroAccountingAutomation.Test.LoginTestCases" name="successfullUserLogout" time="0.817"/>
  <testcase classname="MicroAccountingAutomation.Test.LoginTestCases" name="loginFailureVerification" time="1.113"/>
</testsuite> <!-- Default test -->
