<?xml version="1.0" encoding="UTF-8"?>
<testsuite name="TestSuite" time="10.153" tests="7" errors="0" skipped="0" failures="0">
  <properties>
[...]
</properties>
  <testcase name="successfullUserLogin" classname="MicroAccountingAutomation.Test.LoginTestCases" time="0.345"/>
  <testcase name="successfullUserLogout" classname="MicroAccountingAutomation.Test.LoginTestCases" time="0.768"/>
  <testcase name="successfullUserSignUp" classname="MicroAccountingAutomation.Test.SignUpTestCases" time="1.111"/>
  <testcase name="ViewCsvs" classname="MicroAccountingAutomation.Test.ListAllCsvsTestCase" time="1.323"/>
  <testcase name="updateUserNameOnSettingsPage" classname="MicroAccountingAutomation.Test.updateSettingsTestCase" time="1.661"/>
  <testcase name="uploadCsvsFile" classname="MicroAccountingAutomation.Test.UploadCsvsTestCase" time="1.597"/>
  <testcase name="ViewCsvs" classname="MicroAccountingAutomation.Test.SearchCsvsTestCase" time="3.348"/>
</testsuite>