<?xml version="1.0" encoding="UTF-8"?>
<testng-results ignored="0" total="3" passed="3" failed="0" skipped="0">
  <reporter-output>
  </reporter-output>
  <suite started-at="2021-04-21T11:51:17Z" name="Default suite" finished-at="2021-04-21T11:51:24Z" duration-ms="7139">
    <groups>
      <group name="Regression">
        <method signature="LoginTestCases.loginFailureVerification()[pri:3, instance:MicroAccountingAutomation.Test.LoginTestCases@2cf3d63b]" name="loginFailureVerification" class="MicroAccountingAutomation.Test.LoginTestCases"/>
        <method signature="LoginTestCases.successfullUserLogin(java.lang.reflect.Method)[pri:1, instance:MicroAccountingAutomation.Test.LoginTestCases@2cf3d63b]" name="successfullUserLogin" class="MicroAccountingAutomation.Test.LoginTestCases"/>
        <method signature="LoginTestCases.successfullUserLogout(java.lang.reflect.Method)[pri:2, instance:MicroAccountingAutomation.Test.LoginTestCases@2cf3d63b]" name="successfullUserLogout" class="MicroAccountingAutomation.Test.LoginTestCases"/>
      </group> <!-- Regression -->
      <group name="Smoke">
        <method signature="LoginTestCases.successfullUserLogin(java.lang.reflect.Method)[pri:1, instance:MicroAccountingAutomation.Test.LoginTestCases@2cf3d63b]" name="successfullUserLogin" class="MicroAccountingAutomation.Test.LoginTestCases"/>
        <method signature="LoginTestCases.successfullUserLogout(java.lang.reflect.Method)[pri:2, instance:MicroAccountingAutomation.Test.LoginTestCases@2cf3d63b]" name="successfullUserLogout" class="MicroAccountingAutomation.Test.LoginTestCases"/>
      </group> <!-- Smoke -->
    </groups>
    <test started-at="2021-04-21T11:51:17Z" name="Default test" finished-at="2021-04-21T11:51:24Z" duration-ms="7139">
      <class name="MicroAccountingAutomation.Test.LoginTestCases">
        <test-method is-config="true" signature="Setup()[pri:0, instance:MicroAccountingAutomation.Test.LoginTestCases@2cf3d63b]" started-at="2021-04-21T11:51:17Z" name="Setup" finished-at="2021-04-21T11:51:22Z" duration-ms="4850" status="PASS">
          <reporter-output>
          </reporter-output>
        </test-method> <!-- Setup -->
        <test-method signature="successfullUserLogin(java.lang.reflect.Method)[pri:1, instance:MicroAccountingAutomation.Test.LoginTestCases@2cf3d63b]" started-at="2021-04-21T11:51:22Z" name="successfullUserLogin" description="Verify that User can login with correct username and password" finished-at="2021-04-21T11:51:22Z" duration-ms="294" status="PASS">
          <params>
            <param index="0">
              <value>
                <![CDATA[public void MicroAccountingAutomation.Test.LoginTestCases.successfullUserLogin(java.lang.reflect.Method)]]>
              </value>
            </param>
          </params>
          <reporter-output>
          </reporter-output>
        </test-method> <!-- successfullUserLogin -->
        <test-method signature="successfullUserLogout(java.lang.reflect.Method)[pri:2, instance:MicroAccountingAutomation.Test.LoginTestCases@2cf3d63b]" started-at="2021-04-21T11:51:22Z" name="successfullUserLogout" description="verify that User can successfully logout" finished-at="2021-04-21T11:51:23Z" duration-ms="817" status="PASS">
          <params>
            <param index="0">
              <value>
                <![CDATA[public void MicroAccountingAutomation.Test.LoginTestCases.successfullUserLogout(java.lang.reflect.Method)]]>
              </value>
            </param>
          </params>
          <reporter-output>
          </reporter-output>
        </test-method> <!-- successfullUserLogout -->
        <test-method signature="loginFailureVerification()[pri:3, instance:MicroAccountingAutomation.Test.LoginTestCases@2cf3d63b]" started-at="2021-04-21T11:51:23Z" name="loginFailureVerification" description="verify that with wrong username and password user gets the Invalid Credentials warning" finished-at="2021-04-21T11:51:24Z" duration-ms="1113" status="PASS">
          <reporter-output>
          </reporter-output>
        </test-method> <!-- loginFailureVerification -->
        <test-method is-config="true" signature="broweserClosure()[pri:0, instance:MicroAccountingAutomation.Test.LoginTestCases@2cf3d63b]" started-at="2021-04-21T11:51:24Z" name="broweserClosure" finished-at="2021-04-21T11:51:24Z" duration-ms="34" status="PASS">
          <reporter-output>
          </reporter-output>
        </test-method> <!-- broweserClosure -->
        <test-method is-config="true" signature="sentEmail(java.lang.String, java.lang.String)[pri:0, instance:MicroAccountingAutomation.Test.LoginTestCases@2cf3d63b]" started-at="2021-04-21T11:51:24Z" name="sentEmail" finished-at="2021-04-21T11:51:24Z" duration-ms="0" status="FAIL">
          <exception class="org.testng.TestNGException">
            <message>
              <![CDATA[
Parameter 'email' is required by AfterSuite on method sentEmail but has not been marked @Optional or defined
in C:\Users\zunair.hussain\AppData\Local\Temp\testng-eclipse-2072727527\testng-customsuite.xml]]>
            </message>
            <full-stacktrace>
              <![CDATA[org.testng.TestNGException: 
Parameter 'email' is required by AfterSuite on method sentEmail but has not been marked @Optional or defined
in C:\Users\zunair.hussain\AppData\Local\Temp\testng-eclipse-2072727527\testng-customsuite.xml
at org.testng.internal.Parameters.createParams(Parameters.java:290)
at org.testng.internal.Parameters.createParametersForMethod(Parameters.java:359)
at org.testng.internal.Parameters.createParameters(Parameters.java:620)
at org.testng.internal.Parameters.createConfigurationParameters(Parameters.java:190)
at org.testng.internal.Invoker.invokeConfigurations(Invoker.java:209)
at org.testng.internal.Invoker.invokeConfigurations(Invoker.java:142)
at org.testng.SuiteRunner.privateRun(SuiteRunner.java:425)
at org.testng.SuiteRunner.run(SuiteRunner.java:364)
at org.testng.SuiteRunnerWorker.runSuite(SuiteRunnerWorker.java:52)
at org.testng.SuiteRunnerWorker.run(SuiteRunnerWorker.java:84)
at org.testng.TestNG.runSuitesSequentially(TestNG.java:1208)
at org.testng.TestNG.runSuitesLocally(TestNG.java:1137)
at org.testng.TestNG.runSuites(TestNG.java:1049)
at org.testng.TestNG.run(TestNG.java:1017)
at org.testng.remote.AbstractRemoteTestNG.run(AbstractRemoteTestNG.java:115)
at org.testng.remote.RemoteTestNG.initAndRun(RemoteTestNG.java:251)
at org.testng.remote.RemoteTestNG.main(RemoteTestNG.java:77)
]]>
            </full-stacktrace>
          </exception> <!-- org.testng.TestNGException -->
          <reporter-output>
          </reporter-output>
        </test-method> <!-- sentEmail -->
      </class> <!-- MicroAccountingAutomation.Test.LoginTestCases -->
    </test> <!-- Default test -->
  </suite> <!-- Default suite -->
</testng-results>
