<?xml version="1.0" encoding="UTF-8"?>
<!-- Generated by org.testng.reporters.JUnitXMLReporter -->
<testsuite ignored="1" hostname="Confiz-4844" failures="0" tests="2" name="LoginTestCases" time="5.586" errors="0" timestamp="21 Apr 2021 12:32:30 GMT">
  <testcase classname="MicroAccountingAutomation.Test.LoginTestCases" name="successfullUserLogin" time="0.345"/>
  <testcase classname="MicroAccountingAutomation.Test.LoginTestCases" name="successfullUserLogout" time="0.769"/>
  <testcase classname="MicroAccountingAutomation.Test.LoginTestCases" name="loginFailureVerification" time="0.0">
    <ignored/>
  </testcase> <!-- loginFailureVerification -->
</testsuite> <!-- LoginTestCases -->
